2019-12-03 10:57:08 INFO  Version:37 - HCANN000001: Hibernate Commons Annotations {4.0.1.Final}
2019-12-03 10:57:08 INFO  Version:41 - HHH000412: Hibernate Core {4.0.1.Final}
2019-12-03 10:57:08 INFO  Environment:239 - HHH000206: hibernate.properties not found
2019-12-03 10:57:08 INFO  Environment:342 - HHH000021: Bytecode provider name : javassist
2019-12-03 10:57:08 INFO  Configuration:1920 - HHH000043: Configuring from resource: /hibernate.cfg.xml
2019-12-03 10:57:08 INFO  Configuration:1939 - HHH000040: Configuration resource: /hibernate.cfg.xml
2019-12-03 10:57:08 INFO  Configuration:714 - HHH000221: Reading mappings from resource: classes/Poblacio.hbm.xml
2019-12-03 10:58:14 INFO  Version:37 - HCANN000001: Hibernate Commons Annotations {4.0.1.Final}
2019-12-03 10:58:14 INFO  Version:41 - HHH000412: Hibernate Core {4.0.1.Final}
2019-12-03 10:58:14 INFO  Environment:239 - HHH000206: hibernate.properties not found
2019-12-03 10:58:14 INFO  Environment:342 - HHH000021: Bytecode provider name : javassist
2019-12-03 10:58:14 INFO  Configuration:1920 - HHH000043: Configuring from resource: /hibernate.cfg.xml
2019-12-03 10:58:14 INFO  Configuration:1939 - HHH000040: Configuration resource: /hibernate.cfg.xml
2019-12-03 10:58:14 INFO  Configuration:714 - HHH000221: Reading mappings from resource: clases/Poblacio.hbm.xml
2019-12-03 10:58:14 INFO  Configuration:714 - HHH000221: Reading mappings from resource: clases/Comarca.hbm.xml
2019-12-03 10:58:14 INFO  Configuration:714 - HHH000221: Reading mappings from resource: clases/Institut.hbm.xml
2019-12-03 10:58:14 INFO  Configuration:2061 - HHH000041: Configured SessionFactory: null
2019-12-03 10:58:14 INFO  DriverManagerConnectionProviderImpl:90 - HHH000402: Using Hibernate built-in connection pool (not for production use!)
2019-12-03 10:58:14 INFO  DriverManagerConnectionProviderImpl:110 - HHH000115: Hibernate connection pool size: 20
2019-12-03 10:58:14 INFO  DriverManagerConnectionProviderImpl:113 - HHH000006: Autocommit mode: false
2019-12-03 10:58:14 INFO  DriverManagerConnectionProviderImpl:127 - HHH000401: using driver [org.postgresql.Driver] at URL [jdbc:postgresql://89.36.214.106:5432/geo_ad]
2019-12-03 10:58:14 INFO  DriverManagerConnectionProviderImpl:132 - HHH000046: Connection properties: {user=geo_ad, password=****}
2019-12-03 10:58:19 INFO  Dialect:121 - HHH000400: Using dialect: org.hibernate.dialect.PostgreSQLDialect
2019-12-03 10:58:19 INFO  LobCreatorBuilder:120 - HHH000424: Disabling contextual LOB creation as createClob() method threw error : java.lang.reflect.InvocationTargetException
2019-12-03 10:58:19 INFO  TransactionFactoryInitiator:68 - HHH000399: Using default transaction strategy (direct JDBC transactions)
2019-12-03 10:58:19 INFO  ASTQueryTranslatorFactory:48 - HHH000397: Using ASTQueryTranslatorFactory
2019-12-03 11:04:31 INFO  Version:37 - HCANN000001: Hibernate Commons Annotations {4.0.1.Final}
2019-12-03 11:04:31 INFO  Version:41 - HHH000412: Hibernate Core {4.0.1.Final}
2019-12-03 11:04:31 INFO  Environment:239 - HHH000206: hibernate.properties not found
2019-12-03 11:04:31 INFO  Environment:342 - HHH000021: Bytecode provider name : javassist
2019-12-03 11:04:31 INFO  Configuration:1920 - HHH000043: Configuring from resource: /hibernate.cfg.xml
2019-12-03 11:04:31 INFO  Configuration:1939 - HHH000040: Configuration resource: /hibernate.cfg.xml
2019-12-03 11:04:31 INFO  Configuration:714 - HHH000221: Reading mappings from resource: clases/Poblacio.hbm.xml
2019-12-03 11:04:31 INFO  Configuration:714 - HHH000221: Reading mappings from resource: clases/Comarca.hbm.xml
2019-12-03 11:04:31 INFO  Configuration:714 - HHH000221: Reading mappings from resource: clases/Institut.hbm.xml
2019-12-03 11:04:31 INFO  Configuration:2061 - HHH000041: Configured SessionFactory: null
2019-12-03 11:04:31 INFO  DriverManagerConnectionProviderImpl:90 - HHH000402: Using Hibernate built-in connection pool (not for production use!)
2019-12-03 11:04:31 INFO  DriverManagerConnectionProviderImpl:110 - HHH000115: Hibernate connection pool size: 20
2019-12-03 11:04:31 INFO  DriverManagerConnectionProviderImpl:113 - HHH000006: Autocommit mode: false
2019-12-03 11:04:31 INFO  DriverManagerConnectionProviderImpl:127 - HHH000401: using driver [org.postgresql.Driver] at URL [jdbc:postgresql://89.36.214.106:5432/geo_ad]
2019-12-03 11:04:31 INFO  DriverManagerConnectionProviderImpl:132 - HHH000046: Connection properties: {user=geo_ad, password=****}
2019-12-03 11:04:36 INFO  Dialect:121 - HHH000400: Using dialect: org.hibernate.dialect.PostgreSQLDialect
2019-12-03 11:04:36 INFO  LobCreatorBuilder:120 - HHH000424: Disabling contextual LOB creation as createClob() method threw error : java.lang.reflect.InvocationTargetException
2019-12-03 11:04:36 INFO  TransactionFactoryInitiator:68 - HHH000399: Using default transaction strategy (direct JDBC transactions)
2019-12-03 11:04:36 INFO  ASTQueryTranslatorFactory:48 - HHH000397: Using ASTQueryTranslatorFactory
2019-12-03 11:05:04 INFO  Version:37 - HCANN000001: Hibernate Commons Annotations {4.0.1.Final}
2019-12-03 11:05:04 INFO  Version:41 - HHH000412: Hibernate Core {4.0.1.Final}
2019-12-03 11:05:04 INFO  Environment:239 - HHH000206: hibernate.properties not found
2019-12-03 11:05:04 INFO  Environment:342 - HHH000021: Bytecode provider name : javassist
2019-12-03 11:05:04 INFO  Configuration:1920 - HHH000043: Configuring from resource: /hibernate.cfg.xml
2019-12-03 11:05:04 INFO  Configuration:1939 - HHH000040: Configuration resource: /hibernate.cfg.xml
2019-12-03 11:05:04 INFO  Configuration:714 - HHH000221: Reading mappings from resource: clases/Poblacio.hbm.xml
2019-12-03 11:05:04 INFO  Configuration:714 - HHH000221: Reading mappings from resource: clases/Comarca.hbm.xml
2019-12-03 11:05:04 INFO  Configuration:714 - HHH000221: Reading mappings from resource: clases/Institut.hbm.xml
2019-12-03 11:05:04 INFO  Configuration:2061 - HHH000041: Configured SessionFactory: null
2019-12-03 11:05:05 INFO  DriverManagerConnectionProviderImpl:90 - HHH000402: Using Hibernate built-in connection pool (not for production use!)
2019-12-03 11:05:05 INFO  DriverManagerConnectionProviderImpl:110 - HHH000115: Hibernate connection pool size: 20
2019-12-03 11:05:05 INFO  DriverManagerConnectionProviderImpl:113 - HHH000006: Autocommit mode: false
2019-12-03 11:05:05 INFO  DriverManagerConnectionProviderImpl:127 - HHH000401: using driver [org.postgresql.Driver] at URL [jdbc:postgresql://89.36.214.106:5432/geo_ad]
2019-12-03 11:05:05 INFO  DriverManagerConnectionProviderImpl:132 - HHH000046: Connection properties: {user=geo_ad, password=****}
2019-12-03 11:05:05 INFO  Dialect:121 - HHH000400: Using dialect: org.hibernate.dialect.PostgreSQLDialect
2019-12-03 11:05:05 INFO  LobCreatorBuilder:85 - HHH000422: Disabling contextual LOB creation as connection was null
2019-12-03 11:05:05 INFO  TransactionFactoryInitiator:68 - HHH000399: Using default transaction strategy (direct JDBC transactions)
2019-12-03 11:05:05 INFO  ASTQueryTranslatorFactory:48 - HHH000397: Using ASTQueryTranslatorFactory
2019-12-03 11:05:31 INFO  Version:37 - HCANN000001: Hibernate Commons Annotations {4.0.1.Final}
2019-12-03 11:05:31 INFO  Version:41 - HHH000412: Hibernate Core {4.0.1.Final}
2019-12-03 11:05:31 INFO  Environment:239 - HHH000206: hibernate.properties not found
2019-12-03 11:05:31 INFO  Environment:342 - HHH000021: Bytecode provider name : javassist
2019-12-03 11:05:31 INFO  Configuration:1920 - HHH000043: Configuring from resource: /hibernate.cfg.xml
2019-12-03 11:05:31 INFO  Configuration:1939 - HHH000040: Configuration resource: /hibernate.cfg.xml
2019-12-03 11:05:31 INFO  Configuration:714 - HHH000221: Reading mappings from resource: clases/Poblacio.hbm.xml
2019-12-03 11:05:31 INFO  Configuration:714 - HHH000221: Reading mappings from resource: clases/Comarca.hbm.xml
2019-12-03 11:05:31 INFO  Configuration:714 - HHH000221: Reading mappings from resource: clases/Institut.hbm.xml
2019-12-03 11:05:31 INFO  Configuration:2061 - HHH000041: Configured SessionFactory: null
2019-12-03 11:05:31 INFO  DriverManagerConnectionProviderImpl:90 - HHH000402: Using Hibernate built-in connection pool (not for production use!)
2019-12-03 11:05:31 INFO  DriverManagerConnectionProviderImpl:110 - HHH000115: Hibernate connection pool size: 20
2019-12-03 11:05:31 INFO  DriverManagerConnectionProviderImpl:113 - HHH000006: Autocommit mode: false
2019-12-03 11:05:31 INFO  DriverManagerConnectionProviderImpl:127 - HHH000401: using driver [org.postgresql.Driver] at URL [jdbc:postgresql://89.36.214.106:5432/geo_ad]
2019-12-03 11:05:31 INFO  DriverManagerConnectionProviderImpl:132 - HHH000046: Connection properties: {user=geo_ad, password=****}
2019-12-03 11:05:31 INFO  Dialect:121 - HHH000400: Using dialect: org.hibernate.dialect.PostgreSQLDialect
2019-12-03 11:05:31 INFO  LobCreatorBuilder:85 - HHH000422: Disabling contextual LOB creation as connection was null
2019-12-03 11:05:31 INFO  TransactionFactoryInitiator:68 - HHH000399: Using default transaction strategy (direct JDBC transactions)
2019-12-03 11:05:31 INFO  ASTQueryTranslatorFactory:48 - HHH000397: Using ASTQueryTranslatorFactory
2019-12-03 11:10:41 INFO  Version:37 - HCANN000001: Hibernate Commons Annotations {4.0.1.Final}
2019-12-03 11:10:41 INFO  Version:41 - HHH000412: Hibernate Core {4.0.1.Final}
2019-12-03 11:10:41 INFO  Environment:239 - HHH000206: hibernate.properties not found
2019-12-03 11:10:41 INFO  Environment:342 - HHH000021: Bytecode provider name : javassist
2019-12-03 11:10:41 INFO  Configuration:1920 - HHH000043: Configuring from resource: /hibernate.cfg.xml
2019-12-03 11:10:41 INFO  Configuration:1939 - HHH000040: Configuration resource: /hibernate.cfg.xml
2019-12-03 11:10:41 INFO  Configuration:714 - HHH000221: Reading mappings from resource: clases/Poblacio.hbm.xml
2019-12-03 11:10:41 INFO  Configuration:714 - HHH000221: Reading mappings from resource: clases/Comarca.hbm.xml
2019-12-03 11:10:41 INFO  Configuration:714 - HHH000221: Reading mappings from resource: clases/Institut.hbm.xml
2019-12-03 11:10:41 INFO  Configuration:2061 - HHH000041: Configured SessionFactory: null
2019-12-03 11:10:41 INFO  DriverManagerConnectionProviderImpl:90 - HHH000402: Using Hibernate built-in connection pool (not for production use!)
2019-12-03 11:10:41 INFO  DriverManagerConnectionProviderImpl:110 - HHH000115: Hibernate connection pool size: 20
2019-12-03 11:10:41 INFO  DriverManagerConnectionProviderImpl:113 - HHH000006: Autocommit mode: false
2019-12-03 11:10:41 INFO  DriverManagerConnectionProviderImpl:127 - HHH000401: using driver [org.postgresql.Driver] at URL [jdbc:postgresql://89.36.214.106:5432/geo_ad]
2019-12-03 11:10:41 INFO  DriverManagerConnectionProviderImpl:132 - HHH000046: Connection properties: {user=geo_ad, password=****}
2019-12-03 11:10:41 INFO  Dialect:121 - HHH000400: Using dialect: org.hibernate.dialect.PostgreSQLDialect
2019-12-03 11:10:41 INFO  LobCreatorBuilder:85 - HHH000422: Disabling contextual LOB creation as connection was null
2019-12-03 11:10:41 INFO  TransactionFactoryInitiator:68 - HHH000399: Using default transaction strategy (direct JDBC transactions)
2019-12-03 11:10:41 INFO  ASTQueryTranslatorFactory:48 - HHH000397: Using ASTQueryTranslatorFactory
2019-12-03 11:14:06 INFO  Version:37 - HCANN000001: Hibernate Commons Annotations {4.0.1.Final}
2019-12-03 11:14:06 INFO  Version:41 - HHH000412: Hibernate Core {4.0.1.Final}
2019-12-03 11:14:06 INFO  Environment:239 - HHH000206: hibernate.properties not found
2019-12-03 11:14:06 INFO  Environment:342 - HHH000021: Bytecode provider name : javassist
2019-12-03 11:14:06 INFO  Configuration:1920 - HHH000043: Configuring from resource: /hibernate.cfg.xml
2019-12-03 11:14:06 INFO  Configuration:1939 - HHH000040: Configuration resource: /hibernate.cfg.xml
2019-12-03 11:14:06 INFO  Configuration:714 - HHH000221: Reading mappings from resource: clases/Poblacio.hbm.xml
2019-12-03 11:14:06 INFO  Configuration:714 - HHH000221: Reading mappings from resource: clases/Comarca.hbm.xml
2019-12-03 11:14:06 INFO  Configuration:714 - HHH000221: Reading mappings from resource: clases/Institut.hbm.xml
2019-12-03 11:14:06 INFO  Configuration:2061 - HHH000041: Configured SessionFactory: null
2019-12-03 11:14:06 INFO  DriverManagerConnectionProviderImpl:90 - HHH000402: Using Hibernate built-in connection pool (not for production use!)
2019-12-03 11:14:06 INFO  DriverManagerConnectionProviderImpl:110 - HHH000115: Hibernate connection pool size: 20
2019-12-03 11:14:06 INFO  DriverManagerConnectionProviderImpl:113 - HHH000006: Autocommit mode: false
2019-12-03 11:14:06 INFO  DriverManagerConnectionProviderImpl:127 - HHH000401: using driver [org.postgresql.Driver] at URL [jdbc:postgresql://89.36.214.106:5432/geo_ad]
2019-12-03 11:14:06 INFO  DriverManagerConnectionProviderImpl:132 - HHH000046: Connection properties: {user=geo_ad, password=****}
2019-12-03 11:14:06 INFO  Dialect:121 - HHH000400: Using dialect: org.hibernate.dialect.PostgreSQLDialect
2019-12-03 11:14:06 INFO  LobCreatorBuilder:85 - HHH000422: Disabling contextual LOB creation as connection was null
2019-12-03 11:14:06 INFO  TransactionFactoryInitiator:68 - HHH000399: Using default transaction strategy (direct JDBC transactions)
2019-12-03 11:14:06 INFO  ASTQueryTranslatorFactory:48 - HHH000397: Using ASTQueryTranslatorFactory
2019-12-03 11:52:49 INFO  Version:37 - HCANN000001: Hibernate Commons Annotations {4.0.1.Final}
2019-12-03 11:52:49 INFO  Version:41 - HHH000412: Hibernate Core {4.0.1.Final}
2019-12-03 11:52:49 INFO  Environment:239 - HHH000206: hibernate.properties not found
2019-12-03 11:52:49 INFO  Environment:342 - HHH000021: Bytecode provider name : javassist
2019-12-03 11:52:49 INFO  Configuration:1920 - HHH000043: Configuring from resource: /hibernate.cfg.xml
2019-12-03 11:52:49 INFO  Configuration:1939 - HHH000040: Configuration resource: /hibernate.cfg.xml
2019-12-03 11:52:49 INFO  Configuration:714 - HHH000221: Reading mappings from resource: clases/Poblacio.hbm.xml
2019-12-03 11:52:49 INFO  Configuration:714 - HHH000221: Reading mappings from resource: clases/Comarca.hbm.xml
2019-12-03 11:52:49 INFO  Configuration:714 - HHH000221: Reading mappings from resource: clases/Institut.hbm.xml
2019-12-03 11:52:49 INFO  Configuration:2061 - HHH000041: Configured SessionFactory: null
2019-12-03 11:52:49 INFO  DriverManagerConnectionProviderImpl:90 - HHH000402: Using Hibernate built-in connection pool (not for production use!)
2019-12-03 11:52:49 INFO  DriverManagerConnectionProviderImpl:110 - HHH000115: Hibernate connection pool size: 20
2019-12-03 11:52:49 INFO  DriverManagerConnectionProviderImpl:113 - HHH000006: Autocommit mode: false
2019-12-03 11:52:49 INFO  DriverManagerConnectionProviderImpl:127 - HHH000401: using driver [org.postgresql.Driver] at URL [jdbc:postgresql://89.36.214.106:5432/geo_ad]
2019-12-03 11:52:49 INFO  DriverManagerConnectionProviderImpl:132 - HHH000046: Connection properties: {user=geo_ad, password=****}
2019-12-03 11:52:49 INFO  Dialect:121 - HHH000400: Using dialect: org.hibernate.dialect.PostgreSQLDialect
2019-12-03 11:52:49 INFO  LobCreatorBuilder:85 - HHH000422: Disabling contextual LOB creation as connection was null
2019-12-03 11:52:49 INFO  TransactionFactoryInitiator:68 - HHH000399: Using default transaction strategy (direct JDBC transactions)
2019-12-03 11:52:49 INFO  ASTQueryTranslatorFactory:48 - HHH000397: Using ASTQueryTranslatorFactory
2019-12-03 11:52:58 INFO  Version:37 - HCANN000001: Hibernate Commons Annotations {4.0.1.Final}
2019-12-03 11:52:58 INFO  Version:41 - HHH000412: Hibernate Core {4.0.1.Final}
2019-12-03 11:52:58 INFO  Environment:239 - HHH000206: hibernate.properties not found
2019-12-03 11:52:58 INFO  Environment:342 - HHH000021: Bytecode provider name : javassist
2019-12-03 11:52:58 INFO  Configuration:1920 - HHH000043: Configuring from resource: /hibernate.cfg.xml
2019-12-03 11:52:58 INFO  Configuration:1939 - HHH000040: Configuration resource: /hibernate.cfg.xml
2019-12-03 11:52:58 INFO  Configuration:714 - HHH000221: Reading mappings from resource: clases/Poblacio.hbm.xml
2019-12-03 11:52:58 INFO  Configuration:714 - HHH000221: Reading mappings from resource: clases/Comarca.hbm.xml
2019-12-03 11:52:58 INFO  Configuration:714 - HHH000221: Reading mappings from resource: clases/Institut.hbm.xml
2019-12-03 11:52:58 INFO  Configuration:2061 - HHH000041: Configured SessionFactory: null
2019-12-03 11:52:58 INFO  DriverManagerConnectionProviderImpl:90 - HHH000402: Using Hibernate built-in connection pool (not for production use!)
2019-12-03 11:52:58 INFO  DriverManagerConnectionProviderImpl:110 - HHH000115: Hibernate connection pool size: 20
2019-12-03 11:52:58 INFO  DriverManagerConnectionProviderImpl:113 - HHH000006: Autocommit mode: false
2019-12-03 11:52:58 INFO  DriverManagerConnectionProviderImpl:127 - HHH000401: using driver [org.postgresql.Driver] at URL [jdbc:postgresql://89.36.214.106:5432/geo_ad]
2019-12-03 11:52:58 INFO  DriverManagerConnectionProviderImpl:132 - HHH000046: Connection properties: {user=geo_ad, password=****}
2019-12-03 11:52:58 INFO  Dialect:121 - HHH000400: Using dialect: org.hibernate.dialect.PostgreSQLDialect
2019-12-03 11:52:58 INFO  LobCreatorBuilder:85 - HHH000422: Disabling contextual LOB creation as connection was null
2019-12-03 11:52:58 INFO  TransactionFactoryInitiator:68 - HHH000399: Using default transaction strategy (direct JDBC transactions)
2019-12-03 11:52:58 INFO  ASTQueryTranslatorFactory:48 - HHH000397: Using ASTQueryTranslatorFactory
2019-12-03 12:32:51 INFO  Version:37 - HCANN000001: Hibernate Commons Annotations {4.0.1.Final}
2019-12-03 12:32:51 INFO  Version:41 - HHH000412: Hibernate Core {4.0.1.Final}
2019-12-03 12:32:51 INFO  Environment:239 - HHH000206: hibernate.properties not found
2019-12-03 12:32:51 INFO  Environment:342 - HHH000021: Bytecode provider name : javassist
2019-12-03 12:32:51 INFO  Configuration:1920 - HHH000043: Configuring from resource: /hibernate.cfg.xml
2019-12-03 12:32:51 INFO  Configuration:1939 - HHH000040: Configuration resource: /hibernate.cfg.xml
2019-12-03 12:32:51 INFO  Configuration:714 - HHH000221: Reading mappings from resource: clases/Poblacio.hbm.xml
2019-12-03 12:32:51 INFO  Configuration:714 - HHH000221: Reading mappings from resource: clases/Comarca.hbm.xml
2019-12-03 12:32:51 INFO  Configuration:714 - HHH000221: Reading mappings from resource: clases/Institut.hbm.xml
2019-12-03 12:32:52 INFO  Configuration:2061 - HHH000041: Configured SessionFactory: null
2019-12-03 12:32:52 INFO  DriverManagerConnectionProviderImpl:90 - HHH000402: Using Hibernate built-in connection pool (not for production use!)
2019-12-03 12:32:52 INFO  DriverManagerConnectionProviderImpl:110 - HHH000115: Hibernate connection pool size: 20
2019-12-03 12:32:52 INFO  DriverManagerConnectionProviderImpl:113 - HHH000006: Autocommit mode: false
2019-12-03 12:32:52 INFO  DriverManagerConnectionProviderImpl:127 - HHH000401: using driver [org.postgresql.Driver] at URL [jdbc:postgresql://89.36.214.106:5432/geo_ad]
2019-12-03 12:32:52 INFO  DriverManagerConnectionProviderImpl:132 - HHH000046: Connection properties: {user=geo_ad, password=****}
2019-12-03 12:32:52 INFO  Dialect:121 - HHH000400: Using dialect: org.hibernate.dialect.PostgreSQLDialect
2019-12-03 12:32:52 INFO  LobCreatorBuilder:85 - HHH000422: Disabling contextual LOB creation as connection was null
2019-12-03 12:32:52 INFO  TransactionFactoryInitiator:68 - HHH000399: Using default transaction strategy (direct JDBC transactions)
2019-12-03 12:32:52 INFO  ASTQueryTranslatorFactory:48 - HHH000397: Using ASTQueryTranslatorFactory
2019-12-03 12:33:11 INFO  Version:37 - HCANN000001: Hibernate Commons Annotations {4.0.1.Final}
2019-12-03 12:33:11 INFO  Version:41 - HHH000412: Hibernate Core {4.0.1.Final}
2019-12-03 12:33:11 INFO  Environment:239 - HHH000206: hibernate.properties not found
2019-12-03 12:33:11 INFO  Environment:342 - HHH000021: Bytecode provider name : javassist
2019-12-03 12:33:11 INFO  Configuration:1920 - HHH000043: Configuring from resource: /hibernate.cfg.xml
2019-12-03 12:33:11 INFO  Configuration:1939 - HHH000040: Configuration resource: /hibernate.cfg.xml
2019-12-03 12:33:11 INFO  Configuration:714 - HHH000221: Reading mappings from resource: clases/Poblacio.hbm.xml
2019-12-03 12:33:11 INFO  Configuration:714 - HHH000221: Reading mappings from resource: clases/Comarca.hbm.xml
2019-12-03 12:33:11 INFO  Configuration:714 - HHH000221: Reading mappings from resource: clases/Institut.hbm.xml
2019-12-03 12:33:11 INFO  Configuration:2061 - HHH000041: Configured SessionFactory: null
2019-12-03 12:33:11 INFO  DriverManagerConnectionProviderImpl:90 - HHH000402: Using Hibernate built-in connection pool (not for production use!)
2019-12-03 12:33:11 INFO  DriverManagerConnectionProviderImpl:110 - HHH000115: Hibernate connection pool size: 20
2019-12-03 12:33:11 INFO  DriverManagerConnectionProviderImpl:113 - HHH000006: Autocommit mode: false
2019-12-03 12:33:11 INFO  DriverManagerConnectionProviderImpl:127 - HHH000401: using driver [org.postgresql.Driver] at URL [jdbc:postgresql://89.36.214.106:5432/geo_ad]
2019-12-03 12:33:11 INFO  DriverManagerConnectionProviderImpl:132 - HHH000046: Connection properties: {user=geo_ad, password=****}
2019-12-03 12:33:11 INFO  Dialect:121 - HHH000400: Using dialect: org.hibernate.dialect.PostgreSQLDialect
2019-12-03 12:33:11 INFO  LobCreatorBuilder:85 - HHH000422: Disabling contextual LOB creation as connection was null
2019-12-03 12:33:11 INFO  TransactionFactoryInitiator:68 - HHH000399: Using default transaction strategy (direct JDBC transactions)
2019-12-03 12:33:11 INFO  ASTQueryTranslatorFactory:48 - HHH000397: Using ASTQueryTranslatorFactory
2019-12-03 12:33:28 INFO  Version:37 - HCANN000001: Hibernate Commons Annotations {4.0.1.Final}
2019-12-03 12:33:28 INFO  Version:41 - HHH000412: Hibernate Core {4.0.1.Final}
2019-12-03 12:33:28 INFO  Environment:239 - HHH000206: hibernate.properties not found
2019-12-03 12:33:28 INFO  Environment:342 - HHH000021: Bytecode provider name : javassist
2019-12-03 12:33:28 INFO  Configuration:1920 - HHH000043: Configuring from resource: /hibernate.cfg.xml
2019-12-03 12:33:28 INFO  Configuration:1939 - HHH000040: Configuration resource: /hibernate.cfg.xml
2019-12-03 12:33:28 INFO  Configuration:714 - HHH000221: Reading mappings from resource: clases/Poblacio.hbm.xml
2019-12-03 12:33:28 INFO  Configuration:714 - HHH000221: Reading mappings from resource: clases/Comarca.hbm.xml
2019-12-03 12:33:28 INFO  Configuration:714 - HHH000221: Reading mappings from resource: clases/Institut.hbm.xml
2019-12-03 12:33:28 INFO  Configuration:2061 - HHH000041: Configured SessionFactory: null
2019-12-03 12:33:28 INFO  DriverManagerConnectionProviderImpl:90 - HHH000402: Using Hibernate built-in connection pool (not for production use!)
2019-12-03 12:33:28 INFO  DriverManagerConnectionProviderImpl:110 - HHH000115: Hibernate connection pool size: 20
2019-12-03 12:33:28 INFO  DriverManagerConnectionProviderImpl:113 - HHH000006: Autocommit mode: false
2019-12-03 12:33:28 INFO  DriverManagerConnectionProviderImpl:127 - HHH000401: using driver [org.postgresql.Driver] at URL [jdbc:postgresql://89.36.214.106:5432/geo_ad]
2019-12-03 12:33:28 INFO  DriverManagerConnectionProviderImpl:132 - HHH000046: Connection properties: {user=geo_ad, password=****}
2019-12-03 12:33:28 INFO  Dialect:121 - HHH000400: Using dialect: org.hibernate.dialect.PostgreSQLDialect
2019-12-03 12:33:28 INFO  LobCreatorBuilder:85 - HHH000422: Disabling contextual LOB creation as connection was null
2019-12-03 12:33:29 INFO  TransactionFactoryInitiator:68 - HHH000399: Using default transaction strategy (direct JDBC transactions)
2019-12-03 12:33:29 INFO  ASTQueryTranslatorFactory:48 - HHH000397: Using ASTQueryTranslatorFactory
2019-12-03 12:56:44 INFO  Version:37 - HCANN000001: Hibernate Commons Annotations {4.0.1.Final}
2019-12-03 12:56:44 INFO  Version:41 - HHH000412: Hibernate Core {4.0.1.Final}
2019-12-03 12:56:44 INFO  Environment:239 - HHH000206: hibernate.properties not found
2019-12-03 12:56:44 INFO  Environment:342 - HHH000021: Bytecode provider name : javassist
2019-12-03 12:56:44 INFO  Configuration:1920 - HHH000043: Configuring from resource: /hibernate.cfg.xml
2019-12-03 12:56:44 INFO  Configuration:1939 - HHH000040: Configuration resource: /hibernate.cfg.xml
2019-12-03 12:56:44 INFO  Configuration:714 - HHH000221: Reading mappings from resource: clases/Poblacio.hbm.xml
2019-12-03 12:56:44 INFO  Configuration:714 - HHH000221: Reading mappings from resource: clases/Comarca.hbm.xml
2019-12-03 12:56:44 INFO  Configuration:714 - HHH000221: Reading mappings from resource: clases/Institut.hbm.xml
2019-12-03 12:56:44 INFO  Configuration:2061 - HHH000041: Configured SessionFactory: null
2019-12-03 12:56:44 INFO  DriverManagerConnectionProviderImpl:90 - HHH000402: Using Hibernate built-in connection pool (not for production use!)
2019-12-03 12:56:44 INFO  DriverManagerConnectionProviderImpl:110 - HHH000115: Hibernate connection pool size: 20
2019-12-03 12:56:44 INFO  DriverManagerConnectionProviderImpl:113 - HHH000006: Autocommit mode: false
2019-12-03 12:56:44 INFO  DriverManagerConnectionProviderImpl:127 - HHH000401: using driver [org.postgresql.Driver] at URL [jdbc:postgresql://89.36.214.106:5432/geo_ad]
2019-12-03 12:56:44 INFO  DriverManagerConnectionProviderImpl:132 - HHH000046: Connection properties: {user=geo_ad, password=****}
2019-12-03 12:56:44 INFO  Dialect:121 - HHH000400: Using dialect: org.hibernate.dialect.PostgreSQLDialect
2019-12-03 12:56:44 INFO  LobCreatorBuilder:85 - HHH000422: Disabling contextual LOB creation as connection was null
2019-12-03 12:56:44 INFO  TransactionFactoryInitiator:68 - HHH000399: Using default transaction strategy (direct JDBC transactions)
2019-12-03 12:56:44 INFO  ASTQueryTranslatorFactory:48 - HHH000397: Using ASTQueryTranslatorFactory
2019-12-03 12:57:55 INFO  Version:37 - HCANN000001: Hibernate Commons Annotations {4.0.1.Final}
2019-12-03 12:57:55 INFO  Version:41 - HHH000412: Hibernate Core {4.0.1.Final}
2019-12-03 12:57:55 INFO  Environment:239 - HHH000206: hibernate.properties not found
2019-12-03 12:57:55 INFO  Environment:342 - HHH000021: Bytecode provider name : javassist
2019-12-03 12:57:55 INFO  Configuration:1920 - HHH000043: Configuring from resource: /hibernate.cfg.xml
2019-12-03 12:57:55 INFO  Configuration:1939 - HHH000040: Configuration resource: /hibernate.cfg.xml
2019-12-03 12:57:55 INFO  Configuration:714 - HHH000221: Reading mappings from resource: clases/Poblacio.hbm.xml
2019-12-03 12:57:55 INFO  Configuration:714 - HHH000221: Reading mappings from resource: clases/Comarca.hbm.xml
2019-12-03 12:57:55 INFO  Configuration:714 - HHH000221: Reading mappings from resource: clases/Institut.hbm.xml
2019-12-03 12:57:55 INFO  Configuration:2061 - HHH000041: Configured SessionFactory: null
2019-12-03 12:57:55 INFO  DriverManagerConnectionProviderImpl:90 - HHH000402: Using Hibernate built-in connection pool (not for production use!)
2019-12-03 12:57:55 INFO  DriverManagerConnectionProviderImpl:110 - HHH000115: Hibernate connection pool size: 20
2019-12-03 12:57:55 INFO  DriverManagerConnectionProviderImpl:113 - HHH000006: Autocommit mode: false
2019-12-03 12:57:55 INFO  DriverManagerConnectionProviderImpl:127 - HHH000401: using driver [org.postgresql.Driver] at URL [jdbc:postgresql://89.36.214.106:5432/geo_ad]
2019-12-03 12:57:55 INFO  DriverManagerConnectionProviderImpl:132 - HHH000046: Connection properties: {user=geo_ad, password=****}
2019-12-03 12:57:55 INFO  Dialect:121 - HHH000400: Using dialect: org.hibernate.dialect.PostgreSQLDialect
2019-12-03 12:57:55 INFO  LobCreatorBuilder:85 - HHH000422: Disabling contextual LOB creation as connection was null
2019-12-03 12:57:55 INFO  TransactionFactoryInitiator:68 - HHH000399: Using default transaction strategy (direct JDBC transactions)
2019-12-03 12:57:55 INFO  ASTQueryTranslatorFactory:48 - HHH000397: Using ASTQueryTranslatorFactory
2019-12-03 12:58:17 INFO  Version:37 - HCANN000001: Hibernate Commons Annotations {4.0.1.Final}
2019-12-03 12:58:17 INFO  Version:41 - HHH000412: Hibernate Core {4.0.1.Final}
2019-12-03 12:58:17 INFO  Environment:239 - HHH000206: hibernate.properties not found
2019-12-03 12:58:17 INFO  Environment:342 - HHH000021: Bytecode provider name : javassist
2019-12-03 12:58:17 INFO  Configuration:1920 - HHH000043: Configuring from resource: /hibernate.cfg.xml
2019-12-03 12:58:17 INFO  Configuration:1939 - HHH000040: Configuration resource: /hibernate.cfg.xml
2019-12-03 12:58:17 INFO  Configuration:714 - HHH000221: Reading mappings from resource: clases/Poblacio.hbm.xml
2019-12-03 12:58:18 INFO  Configuration:714 - HHH000221: Reading mappings from resource: clases/Comarca.hbm.xml
2019-12-03 12:58:18 INFO  Configuration:714 - HHH000221: Reading mappings from resource: clases/Institut.hbm.xml
2019-12-03 12:58:18 INFO  Configuration:2061 - HHH000041: Configured SessionFactory: null
2019-12-03 12:58:18 INFO  DriverManagerConnectionProviderImpl:90 - HHH000402: Using Hibernate built-in connection pool (not for production use!)
2019-12-03 12:58:18 INFO  DriverManagerConnectionProviderImpl:110 - HHH000115: Hibernate connection pool size: 20
2019-12-03 12:58:18 INFO  DriverManagerConnectionProviderImpl:113 - HHH000006: Autocommit mode: false
2019-12-03 12:58:18 INFO  DriverManagerConnectionProviderImpl:127 - HHH000401: using driver [org.postgresql.Driver] at URL [jdbc:postgresql://89.36.214.106:5432/geo_ad]
2019-12-03 12:58:18 INFO  DriverManagerConnectionProviderImpl:132 - HHH000046: Connection properties: {user=geo_ad, password=****}
2019-12-03 12:58:18 INFO  Dialect:121 - HHH000400: Using dialect: org.hibernate.dialect.PostgreSQLDialect
2019-12-03 12:58:18 INFO  LobCreatorBuilder:85 - HHH000422: Disabling contextual LOB creation as connection was null
2019-12-03 12:58:18 INFO  TransactionFactoryInitiator:68 - HHH000399: Using default transaction strategy (direct JDBC transactions)
2019-12-03 12:58:18 INFO  ASTQueryTranslatorFactory:48 - HHH000397: Using ASTQueryTranslatorFactory
2019-12-03 12:59:54 INFO  Version:37 - HCANN000001: Hibernate Commons Annotations {4.0.1.Final}
2019-12-03 12:59:54 INFO  Version:41 - HHH000412: Hibernate Core {4.0.1.Final}
2019-12-03 12:59:54 INFO  Environment:239 - HHH000206: hibernate.properties not found
2019-12-03 12:59:54 INFO  Environment:342 - HHH000021: Bytecode provider name : javassist
2019-12-03 12:59:54 INFO  Configuration:1920 - HHH000043: Configuring from resource: /hibernate.cfg.xml
2019-12-03 12:59:54 INFO  Configuration:1939 - HHH000040: Configuration resource: /hibernate.cfg.xml
2019-12-03 12:59:54 INFO  Configuration:714 - HHH000221: Reading mappings from resource: clases/Poblacio.hbm.xml
2019-12-03 12:59:54 INFO  Configuration:714 - HHH000221: Reading mappings from resource: clases/Comarca.hbm.xml
2019-12-03 12:59:54 INFO  Configuration:714 - HHH000221: Reading mappings from resource: clases/Institut.hbm.xml
2019-12-03 12:59:54 INFO  Configuration:2061 - HHH000041: Configured SessionFactory: null
2019-12-03 12:59:54 INFO  DriverManagerConnectionProviderImpl:90 - HHH000402: Using Hibernate built-in connection pool (not for production use!)
2019-12-03 12:59:54 INFO  DriverManagerConnectionProviderImpl:110 - HHH000115: Hibernate connection pool size: 20
2019-12-03 12:59:54 INFO  DriverManagerConnectionProviderImpl:113 - HHH000006: Autocommit mode: false
2019-12-03 12:59:54 INFO  DriverManagerConnectionProviderImpl:127 - HHH000401: using driver [org.postgresql.Driver] at URL [jdbc:postgresql://89.36.214.106:5432/geo_ad]
2019-12-03 12:59:54 INFO  DriverManagerConnectionProviderImpl:132 - HHH000046: Connection properties: {user=geo_ad, password=****}
2019-12-03 12:59:54 INFO  Dialect:121 - HHH000400: Using dialect: org.hibernate.dialect.PostgreSQLDialect
2019-12-03 12:59:54 INFO  LobCreatorBuilder:85 - HHH000422: Disabling contextual LOB creation as connection was null
2019-12-03 12:59:54 INFO  TransactionFactoryInitiator:68 - HHH000399: Using default transaction strategy (direct JDBC transactions)
2019-12-03 12:59:54 INFO  ASTQueryTranslatorFactory:48 - HHH000397: Using ASTQueryTranslatorFactory
2019-12-03 13:00:39 INFO  Version:37 - HCANN000001: Hibernate Commons Annotations {4.0.1.Final}
2019-12-03 13:00:39 INFO  Version:41 - HHH000412: Hibernate Core {4.0.1.Final}
2019-12-03 13:00:39 INFO  Environment:239 - HHH000206: hibernate.properties not found
2019-12-03 13:00:39 INFO  Environment:342 - HHH000021: Bytecode provider name : javassist
2019-12-03 13:00:39 INFO  Configuration:1920 - HHH000043: Configuring from resource: /hibernate.cfg.xml
2019-12-03 13:00:39 INFO  Configuration:1939 - HHH000040: Configuration resource: /hibernate.cfg.xml
2019-12-03 13:00:39 INFO  Configuration:714 - HHH000221: Reading mappings from resource: clases/Poblacio.hbm.xml
2019-12-03 13:00:39 INFO  Configuration:714 - HHH000221: Reading mappings from resource: clases/Comarca.hbm.xml
2019-12-03 13:00:39 INFO  Configuration:714 - HHH000221: Reading mappings from resource: clases/Institut.hbm.xml
2019-12-03 13:00:39 INFO  Configuration:2061 - HHH000041: Configured SessionFactory: null
2019-12-03 13:00:39 INFO  DriverManagerConnectionProviderImpl:90 - HHH000402: Using Hibernate built-in connection pool (not for production use!)
2019-12-03 13:00:39 INFO  DriverManagerConnectionProviderImpl:110 - HHH000115: Hibernate connection pool size: 20
2019-12-03 13:00:39 INFO  DriverManagerConnectionProviderImpl:113 - HHH000006: Autocommit mode: false
2019-12-03 13:00:39 INFO  DriverManagerConnectionProviderImpl:127 - HHH000401: using driver [org.postgresql.Driver] at URL [jdbc:postgresql://89.36.214.106:5432/geo_ad]
2019-12-03 13:00:39 INFO  DriverManagerConnectionProviderImpl:132 - HHH000046: Connection properties: {user=geo_ad, password=****}
2019-12-03 13:00:39 INFO  Dialect:121 - HHH000400: Using dialect: org.hibernate.dialect.PostgreSQLDialect
2019-12-03 13:00:39 INFO  LobCreatorBuilder:85 - HHH000422: Disabling contextual LOB creation as connection was null
2019-12-03 13:00:39 INFO  TransactionFactoryInitiator:68 - HHH000399: Using default transaction strategy (direct JDBC transactions)
2019-12-03 13:00:39 INFO  ASTQueryTranslatorFactory:48 - HHH000397: Using ASTQueryTranslatorFactory
2019-12-03 13:01:10 INFO  Version:37 - HCANN000001: Hibernate Commons Annotations {4.0.1.Final}
2019-12-03 13:01:10 INFO  Version:41 - HHH000412: Hibernate Core {4.0.1.Final}
2019-12-03 13:01:10 INFO  Environment:239 - HHH000206: hibernate.properties not found
2019-12-03 13:01:10 INFO  Environment:342 - HHH000021: Bytecode provider name : javassist
2019-12-03 13:01:10 INFO  Configuration:1920 - HHH000043: Configuring from resource: /hibernate.cfg.xml
2019-12-03 13:01:10 INFO  Configuration:1939 - HHH000040: Configuration resource: /hibernate.cfg.xml
2019-12-03 13:01:10 INFO  Configuration:714 - HHH000221: Reading mappings from resource: clases/Poblacio.hbm.xml
2019-12-03 13:01:10 INFO  Configuration:714 - HHH000221: Reading mappings from resource: clases/Comarca.hbm.xml
2019-12-03 13:01:10 INFO  Configuration:714 - HHH000221: Reading mappings from resource: clases/Institut.hbm.xml
2019-12-03 13:01:10 INFO  Configuration:2061 - HHH000041: Configured SessionFactory: null
2019-12-03 13:01:10 INFO  DriverManagerConnectionProviderImpl:90 - HHH000402: Using Hibernate built-in connection pool (not for production use!)
2019-12-03 13:01:10 INFO  DriverManagerConnectionProviderImpl:110 - HHH000115: Hibernate connection pool size: 20
2019-12-03 13:01:10 INFO  DriverManagerConnectionProviderImpl:113 - HHH000006: Autocommit mode: false
2019-12-03 13:01:10 INFO  DriverManagerConnectionProviderImpl:127 - HHH000401: using driver [org.postgresql.Driver] at URL [jdbc:postgresql://89.36.214.106:5432/geo_ad]
2019-12-03 13:01:10 INFO  DriverManagerConnectionProviderImpl:132 - HHH000046: Connection properties: {user=geo_ad, password=****}
2019-12-03 13:01:10 INFO  Dialect:121 - HHH000400: Using dialect: org.hibernate.dialect.PostgreSQLDialect
2019-12-03 13:01:10 INFO  LobCreatorBuilder:85 - HHH000422: Disabling contextual LOB creation as connection was null
2019-12-03 13:01:10 INFO  TransactionFactoryInitiator:68 - HHH000399: Using default transaction strategy (direct JDBC transactions)
2019-12-03 13:01:10 INFO  ASTQueryTranslatorFactory:48 - HHH000397: Using ASTQueryTranslatorFactory
2019-12-03 13:13:19 INFO  Version:37 - HCANN000001: Hibernate Commons Annotations {4.0.1.Final}
2019-12-03 13:13:19 INFO  Version:41 - HHH000412: Hibernate Core {4.0.1.Final}
2019-12-03 13:13:19 INFO  Environment:239 - HHH000206: hibernate.properties not found
2019-12-03 13:13:19 INFO  Environment:342 - HHH000021: Bytecode provider name : javassist
2019-12-03 13:13:19 INFO  Configuration:1920 - HHH000043: Configuring from resource: /hibernate.cfg.xml
2019-12-03 13:13:19 INFO  Configuration:1939 - HHH000040: Configuration resource: /hibernate.cfg.xml
2019-12-03 13:13:19 INFO  Configuration:714 - HHH000221: Reading mappings from resource: clases/Poblacio.hbm.xml
2019-12-03 13:13:20 INFO  Configuration:714 - HHH000221: Reading mappings from resource: clases/Comarca.hbm.xml
2019-12-03 13:13:20 INFO  Configuration:714 - HHH000221: Reading mappings from resource: clases/Institut.hbm.xml
2019-12-03 13:13:20 INFO  Configuration:2061 - HHH000041: Configured SessionFactory: null
2019-12-03 13:13:20 INFO  DriverManagerConnectionProviderImpl:90 - HHH000402: Using Hibernate built-in connection pool (not for production use!)
2019-12-03 13:13:20 INFO  DriverManagerConnectionProviderImpl:110 - HHH000115: Hibernate connection pool size: 20
2019-12-03 13:13:20 INFO  DriverManagerConnectionProviderImpl:113 - HHH000006: Autocommit mode: false
2019-12-03 13:13:20 INFO  DriverManagerConnectionProviderImpl:127 - HHH000401: using driver [org.postgresql.Driver] at URL [jdbc:postgresql://89.36.214.106:5432/geo_ad]
2019-12-03 13:13:20 INFO  DriverManagerConnectionProviderImpl:132 - HHH000046: Connection properties: {user=geo_ad, password=****}
2019-12-03 13:13:20 INFO  Dialect:121 - HHH000400: Using dialect: org.hibernate.dialect.PostgreSQLDialect
2019-12-03 13:13:20 INFO  LobCreatorBuilder:85 - HHH000422: Disabling contextual LOB creation as connection was null
2019-12-03 13:13:20 INFO  TransactionFactoryInitiator:68 - HHH000399: Using default transaction strategy (direct JDBC transactions)
2019-12-03 13:13:20 INFO  ASTQueryTranslatorFactory:48 - HHH000397: Using ASTQueryTranslatorFactory
